c:\users\egeyi\outscal\textbasedrpg\textbasedrpg_outscal\src\textbase.43d58c4d\x64\debug\vc143.pdb
c:\users\egeyi\outscal\textbasedrpg\textbasedrpg_outscal\src\textbase.43d58c4d\x64\debug\vc143.idb
c:\users\egeyi\outscal\textbasedrpg\textbasedrpg_outscal\src\textbase.43d58c4d\x64\debug\utility.obj
c:\users\egeyi\outscal\textbasedrpg\textbasedrpg_outscal\src\textbase.43d58c4d\x64\debug\uimanager.obj
c:\users\egeyi\outscal\textbasedrpg\textbasedrpg_outscal\src\textbase.43d58c4d\x64\debug\treasureencounter.obj
c:\users\egeyi\outscal\textbasedrpg\textbasedrpg_outscal\src\textbase.43d58c4d\x64\debug\treasure.obj
c:\users\egeyi\outscal\textbasedrpg\textbasedrpg_outscal\src\textbase.43d58c4d\x64\debug\textbasedrpg_outscal.obj
c:\users\egeyi\outscal\textbasedrpg\textbasedrpg_outscal\src\textbase.43d58c4d\x64\debug\player.obj
c:\users\egeyi\outscal\textbasedrpg\textbasedrpg_outscal\src\textbase.43d58c4d\x64\debug\mysteryencounter.obj
c:\users\egeyi\outscal\textbasedrpg\textbasedrpg_outscal\src\textbase.43d58c4d\x64\debug\level.obj
c:\users\egeyi\outscal\textbasedrpg\textbasedrpg_outscal\src\textbase.43d58c4d\x64\debug\item.obj
c:\users\egeyi\outscal\textbasedrpg\textbasedrpg_outscal\src\textbase.43d58c4d\x64\debug\game.obj
c:\users\egeyi\outscal\textbasedrpg\textbasedrpg_outscal\src\textbase.43d58c4d\x64\debug\equipment.obj
c:\users\egeyi\outscal\textbasedrpg\textbasedrpg_outscal\src\textbase.43d58c4d\x64\debug\enemy.obj
c:\users\egeyi\outscal\textbasedrpg\textbasedrpg_outscal\src\textbase.43d58c4d\x64\debug\encounter.obj
c:\users\egeyi\outscal\textbasedrpg\textbasedrpg_outscal\src\textbase.43d58c4d\x64\debug\attack.obj
c:\users\egeyi\outscal\textbasedrpg\textbasedrpg_outscal\src\textbase.43d58c4d\x64\debug\enemyattack.obj
c:\users\egeyi\outscal\textbasedrpg\textbasedrpg_outscal\src\textbase.43d58c4d\x64\debug\attackfactory.obj
c:\users\egeyi\outscal\textbasedrpg\textbasedrpg_outscal\src\textbase.43d58c4d\x64\debug\textbase.43d58c4d.tlog\cl.command.1.tlog
c:\users\egeyi\outscal\textbasedrpg\textbasedrpg_outscal\src\textbase.43d58c4d\x64\debug\textbase.43d58c4d.tlog\cl.read.1.tlog
c:\users\egeyi\outscal\textbasedrpg\textbasedrpg_outscal\src\textbase.43d58c4d\x64\debug\textbase.43d58c4d.tlog\cl.write.1.tlog
